find_executable: checking for pg_config... -------------------- no

--------------------

find_header: checking for libpq-fe.h... -------------------- yes

"/usr/bin/gcc-4.2 -o conftest -I/Users/mondedefred/.rvm/rubies/ruby-1.9.3-p0/include/ruby-1.9.1/x86_64-darwin10.8.0 -I/Users/mondedefred/.rvm/rubies/ruby-1.9.3-p0/include/ruby-1.9.1/ruby/backward -I/Users/mondedefred/.rvm/rubies/ruby-1.9.3-p0/include/ruby-1.9.1 -I. -I/Library/PostgreSQL/9.1/include/ -I/Users/mondedefred/.rvm/usr/include -D_XOPEN_SOURCE -D_DARWIN_C_SOURCE    -O3 -ggdb -Wextra -Wno-unused-parameter -Wno-parentheses -Wno-long-long -Wno-missing-field-initializers -Wpointer-arith -Wwrite-strings -Wdeclaration-after-statement -Wshorten-64-to-32 -Wimplicit-function-declaration  -fno-common -pipe conftest.c  -L. -L/Users/mondedefred/.rvm/rubies/ruby-1.9.3-p0/lib -L/Users/mondedefred/.rvm/usr/lib -L. -L/usr/local/lib     -lruby.1.9.1  -lpthread -ldl -lobjc "
checked program was:
/* begin */
1: #include "ruby.h"
2: 
3: int main() {return 0;}
/* end */

"/usr/bin/gcc-4.2 -E -I/Users/mondedefred/.rvm/rubies/ruby-1.9.3-p0/include/ruby-1.9.1/x86_64-darwin10.8.0 -I/Users/mondedefred/.rvm/rubies/ruby-1.9.3-p0/include/ruby-1.9.1/ruby/backward -I/Users/mondedefred/.rvm/rubies/ruby-1.9.3-p0/include/ruby-1.9.1 -I. -I/Library/PostgreSQL/9.1/include/ -I/Users/mondedefred/.rvm/usr/include -D_XOPEN_SOURCE -D_DARWIN_C_SOURCE    -O3 -ggdb -Wextra -Wno-unused-parameter -Wno-parentheses -Wno-long-long -Wno-missing-field-initializers -Wpointer-arith -Wwrite-strings -Wdeclaration-after-statement -Wshorten-64-to-32 -Wimplicit-function-declaration  -fno-common -pipe  conftest.c -o conftest.i"
checked program was:
/* begin */
1: #include "ruby.h"
2: 
3: #include <libpq-fe.h>
/* end */

--------------------

find_header: checking for libpq/libpq-fs.h... -------------------- yes

"/usr/bin/gcc-4.2 -E -I/Users/mondedefred/.rvm/rubies/ruby-1.9.3-p0/include/ruby-1.9.1/x86_64-darwin10.8.0 -I/Users/mondedefred/.rvm/rubies/ruby-1.9.3-p0/include/ruby-1.9.1/ruby/backward -I/Users/mondedefred/.rvm/rubies/ruby-1.9.3-p0/include/ruby-1.9.1 -I. -I/Library/PostgreSQL/9.1/include/ -I/Users/mondedefred/.rvm/usr/include -D_XOPEN_SOURCE -D_DARWIN_C_SOURCE    -O3 -ggdb -Wextra -Wno-unused-parameter -Wno-parentheses -Wno-long-long -Wno-missing-field-initializers -Wpointer-arith -Wwrite-strings -Wdeclaration-after-statement -Wshorten-64-to-32 -Wimplicit-function-declaration  -fno-common -pipe  conftest.c -o conftest.i"
checked program was:
/* begin */
1: #include "ruby.h"
2: 
3: #include <libpq/libpq-fs.h>
/* end */

--------------------

have_library: checking for PQconnectdb() in -lpq... -------------------- no

"/usr/bin/gcc-4.2 -o conftest -I/Users/mondedefred/.rvm/rubies/ruby-1.9.3-p0/include/ruby-1.9.1/x86_64-darwin10.8.0 -I/Users/mondedefred/.rvm/rubies/ruby-1.9.3-p0/include/ruby-1.9.1/ruby/backward -I/Users/mondedefred/.rvm/rubies/ruby-1.9.3-p0/include/ruby-1.9.1 -I. -I/Library/PostgreSQL/9.1/include/ -I/Users/mondedefred/.rvm/usr/include -D_XOPEN_SOURCE -D_DARWIN_C_SOURCE    -O3 -ggdb -Wextra -Wno-unused-parameter -Wno-parentheses -Wno-long-long -Wno-missing-field-initializers -Wpointer-arith -Wwrite-strings -Wdeclaration-after-statement -Wshorten-64-to-32 -Wimplicit-function-declaration  -fno-common -pipe conftest.c  -L. -L/Users/mondedefred/.rvm/rubies/ruby-1.9.3-p0/lib -L/Users/mondedefred/.rvm/usr/lib -L. -L/usr/local/lib     -lruby.1.9.1 -lpq  -lpthread -ldl -lobjc "
ld: library not found for -lpq
collect2: ld returned 1 exit status
checked program was:
/* begin */
1: #include "ruby.h"
2: 
3: #include <libpq-fe.h>
4: 
5: /*top*/
6: int main() {return 0;}
7: int t() { void ((*volatile p)()); p = (void ((*)()))PQconnectdb; return 0; }
/* end */

"/usr/bin/gcc-4.2 -o conftest -I/Users/mondedefred/.rvm/rubies/ruby-1.9.3-p0/include/ruby-1.9.1/x86_64-darwin10.8.0 -I/Users/mondedefred/.rvm/rubies/ruby-1.9.3-p0/include/ruby-1.9.1/ruby/backward -I/Users/mondedefred/.rvm/rubies/ruby-1.9.3-p0/include/ruby-1.9.1 -I. -I/Library/PostgreSQL/9.1/include/ -I/Users/mondedefred/.rvm/usr/include -D_XOPEN_SOURCE -D_DARWIN_C_SOURCE    -O3 -ggdb -Wextra -Wno-unused-parameter -Wno-parentheses -Wno-long-long -Wno-missing-field-initializers -Wpointer-arith -Wwrite-strings -Wdeclaration-after-statement -Wshorten-64-to-32 -Wimplicit-function-declaration  -fno-common -pipe conftest.c  -L. -L/Users/mondedefred/.rvm/rubies/ruby-1.9.3-p0/lib -L/Users/mondedefred/.rvm/usr/lib -L. -L/usr/local/lib     -lruby.1.9.1 -lpq  -lpthread -ldl -lobjc "
conftest.c: In function ‘t’:
conftest.c:7: error: too few arguments to function ‘PQconnectdb’
checked program was:
/* begin */
1: #include "ruby.h"
2: 
3: #include <libpq-fe.h>
4: 
5: /*top*/
6: int main() {return 0;}
7: int t() { PQconnectdb(); return 0; }
/* end */

--------------------

have_library: checking for PQconnectdb() in -llibpq... -------------------- no

"/usr/bin/gcc-4.2 -o conftest -I/Users/mondedefred/.rvm/rubies/ruby-1.9.3-p0/include/ruby-1.9.1/x86_64-darwin10.8.0 -I/Users/mondedefred/.rvm/rubies/ruby-1.9.3-p0/include/ruby-1.9.1/ruby/backward -I/Users/mondedefred/.rvm/rubies/ruby-1.9.3-p0/include/ruby-1.9.1 -I. -I/Library/PostgreSQL/9.1/include/ -I/Users/mondedefred/.rvm/usr/include -D_XOPEN_SOURCE -D_DARWIN_C_SOURCE    -O3 -ggdb -Wextra -Wno-unused-parameter -Wno-parentheses -Wno-long-long -Wno-missing-field-initializers -Wpointer-arith -Wwrite-strings -Wdeclaration-after-statement -Wshorten-64-to-32 -Wimplicit-function-declaration  -fno-common -pipe conftest.c  -L. -L/Users/mondedefred/.rvm/rubies/ruby-1.9.3-p0/lib -L/Users/mondedefred/.rvm/usr/lib -L. -L/usr/local/lib     -lruby.1.9.1 -llibpq  -lpthread -ldl -lobjc "
ld: library not found for -llibpq
collect2: ld returned 1 exit status
checked program was:
/* begin */
1: #include "ruby.h"
2: 
3: #include <libpq-fe.h>
4: 
5: /*top*/
6: int main() {return 0;}
7: int t() { void ((*volatile p)()); p = (void ((*)()))PQconnectdb; return 0; }
/* end */

"/usr/bin/gcc-4.2 -o conftest -I/Users/mondedefred/.rvm/rubies/ruby-1.9.3-p0/include/ruby-1.9.1/x86_64-darwin10.8.0 -I/Users/mondedefred/.rvm/rubies/ruby-1.9.3-p0/include/ruby-1.9.1/ruby/backward -I/Users/mondedefred/.rvm/rubies/ruby-1.9.3-p0/include/ruby-1.9.1 -I. -I/Library/PostgreSQL/9.1/include/ -I/Users/mondedefred/.rvm/usr/include -D_XOPEN_SOURCE -D_DARWIN_C_SOURCE    -O3 -ggdb -Wextra -Wno-unused-parameter -Wno-parentheses -Wno-long-long -Wno-missing-field-initializers -Wpointer-arith -Wwrite-strings -Wdeclaration-after-statement -Wshorten-64-to-32 -Wimplicit-function-declaration  -fno-common -pipe conftest.c  -L. -L/Users/mondedefred/.rvm/rubies/ruby-1.9.3-p0/lib -L/Users/mondedefred/.rvm/usr/lib -L. -L/usr/local/lib     -lruby.1.9.1 -llibpq  -lpthread -ldl -lobjc "
conftest.c: In function ‘t’:
conftest.c:7: error: too few arguments to function ‘PQconnectdb’
checked program was:
/* begin */
1: #include "ruby.h"
2: 
3: #include <libpq-fe.h>
4: 
5: /*top*/
6: int main() {return 0;}
7: int t() { PQconnectdb(); return 0; }
/* end */

--------------------

have_library: checking for PQconnectdb() in -lms/libpq... -------------------- no

"/usr/bin/gcc-4.2 -o conftest -I/Users/mondedefred/.rvm/rubies/ruby-1.9.3-p0/include/ruby-1.9.1/x86_64-darwin10.8.0 -I/Users/mondedefred/.rvm/rubies/ruby-1.9.3-p0/include/ruby-1.9.1/ruby/backward -I/Users/mondedefred/.rvm/rubies/ruby-1.9.3-p0/include/ruby-1.9.1 -I. -I/Library/PostgreSQL/9.1/include/ -I/Users/mondedefred/.rvm/usr/include -D_XOPEN_SOURCE -D_DARWIN_C_SOURCE    -O3 -ggdb -Wextra -Wno-unused-parameter -Wno-parentheses -Wno-long-long -Wno-missing-field-initializers -Wpointer-arith -Wwrite-strings -Wdeclaration-after-statement -Wshorten-64-to-32 -Wimplicit-function-declaration  -fno-common -pipe conftest.c  -L. -L/Users/mondedefred/.rvm/rubies/ruby-1.9.3-p0/lib -L/Users/mondedefred/.rvm/usr/lib -L. -L/usr/local/lib     -lruby.1.9.1 -lms/libpq  -lpthread -ldl -lobjc "
ld: library not found for -lms/libpq
collect2: ld returned 1 exit status
checked program was:
/* begin */
1: #include "ruby.h"
2: 
3: #include <libpq-fe.h>
4: 
5: /*top*/
6: int main() {return 0;}
7: int t() { void ((*volatile p)()); p = (void ((*)()))PQconnectdb; return 0; }
/* end */

"/usr/bin/gcc-4.2 -o conftest -I/Users/mondedefred/.rvm/rubies/ruby-1.9.3-p0/include/ruby-1.9.1/x86_64-darwin10.8.0 -I/Users/mondedefred/.rvm/rubies/ruby-1.9.3-p0/include/ruby-1.9.1/ruby/backward -I/Users/mondedefred/.rvm/rubies/ruby-1.9.3-p0/include/ruby-1.9.1 -I. -I/Library/PostgreSQL/9.1/include/ -I/Users/mondedefred/.rvm/usr/include -D_XOPEN_SOURCE -D_DARWIN_C_SOURCE    -O3 -ggdb -Wextra -Wno-unused-parameter -Wno-parentheses -Wno-long-long -Wno-missing-field-initializers -Wpointer-arith -Wwrite-strings -Wdeclaration-after-statement -Wshorten-64-to-32 -Wimplicit-function-declaration  -fno-common -pipe conftest.c  -L. -L/Users/mondedefred/.rvm/rubies/ruby-1.9.3-p0/lib -L/Users/mondedefred/.rvm/usr/lib -L. -L/usr/local/lib     -lruby.1.9.1 -lms/libpq  -lpthread -ldl -lobjc "
conftest.c: In function ‘t’:
conftest.c:7: error: too few arguments to function ‘PQconnectdb’
checked program was:
/* begin */
1: #include "ruby.h"
2: 
3: #include <libpq-fe.h>
4: 
5: /*top*/
6: int main() {return 0;}
7: int t() { PQconnectdb(); return 0; }
/* end */

--------------------

